 showing env 
--------
SLURM_CHECKPOINT_IMAGE_DIR=/var/slurm/checkpoint
SLURM_NODELIST=c[12,42]
SLURM_JOB_NAME=print-env
SLURMD_NODENAME=c12
SLURM_TOPOLOGY_ADDR=ibswitch.ibswitch0.c12
SLURM_PRIO_PROCESS=0
SLURM_NODE_ALIASES=(null)
SLURM_JOB_QOS=normal
SLURM_TOPOLOGY_ADDR_PATTERN=switch.switch.node
SLURM_MEM_PER_CPU=1024
SLURM_NNODES=2
SLURM_JOBID=1197130
SLURM_NTASKS=64
SLURM_TASKS_PER_NODE=1,63
SLURM_JOB_ID=1197130
SLURM_JOB_USER=forsythc
SLURM_UMASK=0022
SLURM_JOB_UID=3365
SLURM_NODEID=0
SLURM_SUBMIT_DIR=/rhome/forsythc/slurm-scripts
SLURM_TASK_PID=10535
SLURM_NPROCS=64
SLURM_CPUS_ON_NODE=1
SLURM_PROCID=0
SLURM_JOB_NODELIST=c[12,42]
SLURM_LOCALID=0
SLURM_JOB_CPUS_PER_NODE=1,63
SLURM_CLUSTER_NAME=biocluster
SLURM_GTIDS=0
SLURM_SUBMIT_HOST=pelican
SLURM_JOB_PARTITION=batch
SLURM_JOB_ACCOUNT=operations
SLURM_JOB_NUM_NODES=2
--------
